==========================================
Job ID: 27149338
Job Name: VDM-From-Scratch
Start Time: Sun Nov 23 19:57:48 CET 2025
Running on host: n-62-20-6
Working directory: /zhome/45/a/168203/02456-VDM-from-scratch/project
==========================================
Sun Nov 23 19:57:48 2025       
+-----------------------------------------------------------------------------------------+
| NVIDIA-SMI 580.105.08             Driver Version: 580.105.08     CUDA Version: 13.0     |
+-----------------------------------------+------------------------+----------------------+
| GPU  Name                 Persistence-M | Bus-Id          Disp.A | Volatile Uncorr. ECC |
| Fan  Temp   Perf          Pwr:Usage/Cap |           Memory-Usage | GPU-Util  Compute M. |
|                                         |                        |               MIG M. |
|=========================================+========================+======================|
|   0  Tesla V100-PCIE-16GB           On  |   00000000:AF:00.0 Off |                    0 |
| N/A   30C    P0             24W /  250W |       0MiB /  16384MiB |      0%   E. Process |
|                                         |                        |                  N/A |
+-----------------------------------------+------------------------+----------------------+

+-----------------------------------------------------------------------------------------+
| Processes:                                                                              |
|  GPU   GI   CI              PID   Type   Process name                        GPU Memory |
|        ID   ID                                                               Usage      |
|=========================================================================================|
|  No running processes found                                                             |
+-----------------------------------------------------------------------------------------+
Python version:
Python 3.13.9
UV version:
Starting training...
==========================================
Job completed at: Sun Nov 23 19:57:48 CET 2025
Exit code: 127
==========================================
